{
  "RSpec": {
    "coverage": {
      "/Users/christopheryammine/Documents/Projects/Rails/crowdfunding/spec/support/user_login_helper.rb": [
        1,
        null,
        null,
        1,
        31,
        null,
        null,
        1,
        0,
        null,
        null,
        1,
        1,
        1,
        1,
        1,
        null,
        null
      ],
      "/Users/christopheryammine/Documents/Projects/Rails/crowdfunding/db/schema.rb": [
        null,
        null,
        null,
        null,
        null,
        null,
        null,
        null,
        null,
        null,
        null,
        null,
        null,
        1,
        null,
        null,
        1,
        null,
        1,
        1,
        1,
        1,
        1,
        1,
        1,
        1,
        1,
        null,
        null,
        1,
        1,
        1,
        null,
        1,
        1,
        1,
        1,
        1,
        null,
        null,
        1,
        1,
        null,
        1,
        1,
        1,
        1,
        1,
        1,
        1,
        1,
        1,
        1,
        1,
        1,
        1,
        null,
        null,
        1,
        1,
        null,
        1,
        1,
        1,
        1,
        1,
        1,
        1,
        null,
        null,
        1,
        1,
        null,
        1,
        1,
        1,
        1,
        1,
        1,
        null,
        null,
        1,
        null,
        1,
        1,
        1,
        1,
        1,
        1,
        null,
        null,
        1,
        1,
        null,
        1,
        1,
        1,
        1,
        1,
        1,
        1,
        1,
        1,
        null,
        null,
        1,
        null,
        1,
        1,
        1,
        1,
        1,
        1,
        1,
        null,
        null,
        1,
        null,
        1,
        1,
        1,
        1,
        1,
        1,
        1,
        1,
        1,
        null,
        null,
        null
      ],
      "/Users/christopheryammine/Documents/Projects/Rails/crowdfunding/app/controllers/api/v1/campaigns_controller.rb": [
        1,
        null,
        1,
        2,
        null,
        null,
        null,
        1,
        1,
        null,
        null,
        null
      ],
      "/Users/christopheryammine/Documents/Projects/Rails/crowdfunding/app/controllers/api/base_controller.rb": [
        1,
        null,
        1,
        null,
        1,
        null,
        1,
        4,
        4,
        3,
        null,
        1,
        null,
        null,
        null,
        null
      ],
      "/Users/christopheryammine/Documents/Projects/Rails/crowdfunding/spec/controllers/campaigns_controller_spec.rb": [
        1,
        null,
        1,
        null,
        29,
        4,
        22,
        null,
        1,
        1,
        1,
        1,
        1,
        1,
        null,
        null,
        1,
        1,
        1,
        null,
        null,
        1,
        21,
        1,
        1,
        null,
        null,
        null,
        1,
        1,
        3,
        1,
        1,
        1,
        null,
        null,
        1,
        1,
        1,
        null,
        null,
        null,
        1,
        null,
        1,
        1,
        1,
        null,
        null,
        null,
        null,
        null,
        null,
        1,
        null,
        1,
        1,
        1,
        1,
        null,
        null,
        1,
        1,
        1,
        1,
        null,
        null,
        null,
        2,
        null,
        null,
        null,
        1,
        6,
        1,
        1,
        3,
        null,
        null,
        null,
        null,
        null,
        1,
        4,
        null,
        null,
        1,
        1,
        1,
        null,
        null,
        1,
        1,
        1,
        null,
        null,
        null,
        1,
        1,
        2,
        null,
        null,
        1,
        4,
        null,
        null,
        1,
        1,
        1,
        null,
        null,
        null,
        null,
        null,
        1,
        null,
        1,
        1,
        1,
        null,
        null,
        1,
        1,
        1,
        null,
        null,
        1,
        2,
        null,
        null,
        null,
        1,
        null,
        1,
        1,
        1,
        1,
        null,
        null,
        null,
        null,
        null,
        1,
        3,
        null,
        1,
        1,
        1,
        null,
        null,
        1,
        1,
        1,
        null,
        null,
        null,
        1,
        2,
        1,
        1,
        1,
        null,
        null,
        null,
        null,
        null,
        1,
        null,
        1,
        1,
        1,
        1,
        null,
        null,
        1,
        1,
        1,
        1,
        null,
        null,
        null,
        1,
        6,
        null,
        1,
        null,
        1,
        1,
        1,
        1,
        null,
        null,
        1,
        1,
        1,
        null,
        null,
        1,
        1,
        1,
        null,
        null,
        1,
        1,
        1,
        1,
        1,
        null,
        null,
        1,
        1,
        1,
        null,
        null,
        null,
        null,
        1,
        2,
        1,
        1,
        1,
        null,
        null,
        null,
        null,
        null,
        null,
        null,
        1,
        1,
        5,
        null,
        null,
        1,
        4,
        1,
        1,
        4,
        null,
        null,
        1,
        1,
        1,
        null,
        null,
        1,
        1,
        1,
        null,
        null,
        null,
        1,
        null,
        1,
        1,
        1,
        null,
        null,
        null,
        null,
        1,
        2,
        1,
        1,
        1,
        null,
        null,
        null,
        null,
        null,
        null,
        null
      ],
      "/Users/christopheryammine/Documents/Projects/Rails/crowdfunding/app/controllers/campaigns_controller.rb": [
        1,
        null,
        1,
        1,
        1,
        null,
        1,
        12,
        12,
        24,
        12,
        null,
        null,
        null,
        1,
        3,
        12,
        null,
        null,
        1,
        5,
        5,
        5,
        3,
        null,
        2,
        null,
        null,
        null,
        1,
        2,
        2,
        2,
        4,
        2,
        null,
        null,
        null,
        1,
        3,
        null,
        null,
        null,
        1,
        6,
        null,
        5,
        3,
        null,
        2,
        null,
        null,
        null,
        1,
        4,
        null,
        3,
        3,
        null,
        null,
        1,
        null,
        1,
        13,
        null,
        null,
        1,
        2,
        null,
        null,
        1,
        10,
        null,
        null,
        null,
        null,
        null,
        null
      ],
      "/Users/christopheryammine/Documents/Projects/Rails/crowdfunding/spec/controllers/pledges_controller_spec.rb": [
        1,
        null,
        1,
        null,
        6,
        7,
        null,
        1,
        null,
        1,
        null,
        6,
        null,
        1,
        1,
        3,
        null,
        null,
        1,
        1,
        1,
        2,
        null,
        null,
        1,
        1,
        1,
        null,
        null,
        1,
        1,
        1,
        null,
        null,
        null,
        1,
        null,
        1,
        2,
        null,
        null,
        1,
        1,
        1,
        null,
        null,
        1,
        1,
        1,
        null,
        null,
        null,
        null,
        null,
        1,
        null,
        1,
        1,
        1,
        null,
        null,
        null,
        null,
        null,
        1,
        null,
        4,
        4,
        4,
        4,
        null,
        1,
        3,
        null,
        null,
        1,
        null,
        3,
        null,
        null,
        1,
        1,
        1,
        2,
        null,
        null,
        1,
        1,
        1,
        1,
        null,
        null,
        null,
        null,
        null,
        1,
        1,
        1,
        1,
        null,
        null,
        null,
        null,
        null,
        null,
        null
      ],
      "/Users/christopheryammine/Documents/Projects/Rails/crowdfunding/app/controllers/pledges_controller.rb": [
        1,
        null,
        1,
        1,
        1,
        null,
        1,
        0,
        0,
        0,
        0,
        null,
        null,
        null,
        1,
        0,
        null,
        null,
        1,
        5,
        null,
        null,
        5,
        3,
        null,
        2,
        2,
        null,
        null,
        null,
        1,
        1,
        1,
        null,
        null,
        null,
        1,
        null,
        1,
        5,
        null,
        null,
        1,
        2,
        null,
        null,
        1,
        5,
        null,
        null,
        null,
        null
      ],
      "/Users/christopheryammine/Documents/Projects/Rails/crowdfunding/spec/controllers/sessions_controller_spec.rb": [
        1,
        null,
        1,
        null,
        10,
        null,
        1,
        null,
        1,
        null,
        1,
        3,
        null,
        null,
        null,
        1,
        1,
        1,
        null,
        null,
        1,
        1,
        1,
        null,
        null,
        1,
        1,
        1,
        null,
        null,
        null,
        1,
        1,
        3,
        null,
        null,
        null,
        1,
        1,
        1,
        null,
        null,
        1,
        1,
        1,
        null,
        null,
        1,
        1,
        1,
        null,
        null,
        null,
        null,
        null,
        1,
        null,
        1,
        3,
        3,
        null,
        null,
        1,
        1,
        1,
        null,
        null,
        1,
        1,
        1,
        null,
        null,
        1,
        1,
        1,
        null,
        null,
        null,
        null,
        null
      ],
      "/Users/christopheryammine/Documents/Projects/Rails/crowdfunding/app/controllers/sessions_controller.rb": [
        1,
        null,
        1,
        8,
        8,
        5,
        5,
        null,
        3,
        3,
        null,
        null,
        null,
        1,
        3,
        3,
        null,
        null,
        null
      ],
      "/Users/christopheryammine/Documents/Projects/Rails/crowdfunding/spec/controllers/users_controller_spec.rb": [
        1,
        null,
        1,
        null,
        1,
        1,
        1,
        1,
        null,
        null,
        1,
        1,
        1,
        null,
        null,
        null,
        1,
        null,
        1,
        null,
        1,
        3,
        null,
        null,
        null,
        null,
        1,
        4,
        null,
        null,
        1,
        1,
        1,
        null,
        null,
        1,
        1,
        1,
        null,
        null,
        null,
        1,
        1,
        3,
        null,
        null,
        1,
        4,
        null,
        null,
        1,
        1,
        1,
        null,
        null,
        1,
        1,
        1,
        null,
        null,
        null,
        null,
        null,
        null,
        null,
        null
      ],
      "/Users/christopheryammine/Documents/Projects/Rails/crowdfunding/app/controllers/users_controller.rb": [
        1,
        null,
        1,
        4,
        4,
        null,
        null,
        1,
        8,
        8,
        3,
        3,
        null,
        5,
        5,
        null,
        null,
        null,
        null,
        null,
        1,
        null,
        1,
        8,
        null,
        null,
        null,
        null,
        null,
        null
      ],
      "/Users/christopheryammine/Documents/Projects/Rails/crowdfunding/spec/features/campaigns_spec.rb": [
        1,
        null,
        1,
        null,
        2,
        null,
        1,
        1,
        1,
        1,
        null,
        null,
        1,
        1,
        1,
        null,
        null,
        1,
        3,
        3,
        null,
        1,
        1,
        1,
        null,
        null,
        1,
        1,
        1,
        null,
        null,
        null,
        null,
        1,
        null,
        1,
        1,
        1,
        1,
        1,
        1,
        1,
        1,
        0,
        0,
        0,
        null,
        null,
        null,
        null,
        null
      ],
      "/Users/christopheryammine/Documents/Projects/Rails/crowdfunding/spec/features/users_spec.rb": [
        1,
        null,
        1,
        1,
        null,
        1,
        1,
        1,
        1,
        1,
        1,
        1,
        1,
        1,
        1,
        0,
        0,
        null,
        null,
        1,
        1,
        1,
        1,
        1,
        1,
        1,
        1,
        1,
        1,
        1,
        1,
        1,
        1,
        null,
        null,
        null,
        1,
        2,
        null,
        1,
        1,
        1,
        1,
        1,
        1,
        1,
        1,
        1,
        null,
        null,
        null,
        null
      ],
      "/Users/christopheryammine/Documents/Projects/Rails/crowdfunding/spec/models/campaign_spec.rb": [
        1,
        null,
        1,
        1,
        1,
        1,
        1,
        null,
        null,
        1,
        1,
        1,
        null,
        null,
        1,
        1,
        1,
        null,
        null,
        1,
        1,
        null,
        1,
        null,
        null,
        1,
        1,
        null,
        1,
        null,
        null,
        1,
        1,
        null,
        1,
        null,
        null,
        null
      ],
      "/Users/christopheryammine/Documents/Projects/Rails/crowdfunding/spec/models/user_spec.rb": [
        1,
        null,
        1,
        null,
        1,
        null,
        1,
        1,
        1,
        null,
        null,
        1,
        1,
        1,
        null,
        null,
        1,
        1,
        1,
        null,
        null,
        null,
        1,
        null,
        1,
        null,
        1,
        1,
        1,
        null,
        null,
        1,
        1,
        1,
        1,
        null,
        null,
        null,
        null,
        null,
        null,
        1,
        1,
        1,
        null,
        1,
        1,
        null,
        null,
        null,
        1,
        1,
        1,
        null,
        1,
        1,
        null,
        null,
        null,
        null
      ],
      "/Users/christopheryammine/Documents/Projects/Rails/crowdfunding/app/models/user.rb": [
        1,
        null,
        1,
        null,
        1,
        null,
        1,
        null,
        1,
        null,
        1,
        null,
        1,
        null,
        1,
        1,
        null,
        1,
        null,
        null,
        1,
        null,
        null,
        1,
        null,
        1,
        null,
        1,
        null,
        1,
        null,
        1,
        7,
        5,
        2,
        1,
        null,
        1,
        null,
        null,
        null,
        1,
        null,
        1,
        101,
        null,
        null,
        1,
        101,
        null,
        null,
        null
      ],
      "/Users/christopheryammine/Documents/Projects/Rails/crowdfunding/app/validators/email_format_validator.rb": [
        1,
        null,
        1,
        null,
        1,
        108,
        6,
        null,
        108,
        null,
        null,
        null,
        null
      ],
      "/Users/christopheryammine/Documents/Projects/Rails/crowdfunding/app/uploaders/avatar_uploader.rb": [
        null,
        null,
        1,
        null,
        null,
        null,
        1,
        null,
        null,
        null,
        1,
        null,
        null,
        null,
        1,
        0,
        null,
        null,
        null,
        1,
        null,
        0,
        null,
        null,
        null,
        null,
        null,
        null,
        null,
        null,
        null,
        null,
        null,
        null,
        1,
        1,
        null,
        null,
        1,
        1,
        null,
        null,
        1,
        1,
        null,
        null,
        null,
        null,
        null,
        null,
        null,
        null,
        null,
        null,
        null,
        null,
        null,
        null,
        null
      ],
      "/Users/christopheryammine/Documents/Projects/Rails/crowdfunding/app/models/api_key.rb": [
        1,
        1,
        null,
        1,
        null,
        1,
        null,
        1,
        null,
        104,
        104,
        null,
        null,
        null,
        null
      ],
      "/Users/christopheryammine/Documents/Projects/Rails/crowdfunding/app/models/reward_level.rb": [
        1,
        1,
        null,
        1,
        null,
        1,
        null
      ],
      "/Users/christopheryammine/Documents/Projects/Rails/crowdfunding/app/decorators/campaign_decorator.rb": [
        1,
        1,
        null,
        1,
        0,
        null,
        null,
        1,
        0,
        null,
        null,
        1,
        0,
        null,
        null,
        null,
        1,
        0,
        null,
        null,
        null,
        null,
        1,
        0,
        null,
        0,
        0,
        null,
        null,
        0,
        0,
        null,
        0,
        0,
        null,
        null,
        0,
        0,
        null,
        null,
        0,
        null,
        null,
        1,
        0,
        0,
        0,
        0,
        null,
        null,
        null,
        1,
        0,
        null,
        null,
        1,
        0,
        null,
        null,
        null,
        null,
        null,
        null,
        null,
        null,
        null,
        null,
        null,
        null,
        null,
        null,
        null
      ],
      "/Users/christopheryammine/Documents/Projects/Rails/crowdfunding/app/models/comment.rb": [
        1,
        null,
        1,
        null,
        1,
        null,
        1,
        null
      ],
      "/Users/christopheryammine/Documents/Projects/Rails/crowdfunding/app/models/pledge.rb": [
        1,
        1,
        1,
        null,
        1,
        null,
        null,
        null
      ],
      "/Users/christopheryammine/Documents/Projects/Rails/crowdfunding/app/models/ability.rb": [
        1,
        1,
        null,
        1,
        null,
        13,
        null,
        13,
        null,
        13,
        13,
        null,
        null,
        null,
        null,
        null,
        null,
        null,
        null,
        null,
        null,
        null,
        null,
        null,
        null,
        null,
        null,
        null,
        null,
        null,
        null,
        null,
        null,
        null,
        null,
        null,
        null,
        null,
        null,
        null,
        null
      ],
      "/Users/christopheryammine/Documents/Projects/Rails/crowdfunding/app/services/pledge/create_pledge.rb": [
        1,
        null,
        1,
        null,
        1,
        1,
        1,
        null,
        1,
        null,
        1,
        5,
        5,
        null,
        5,
        3,
        3,
        null,
        2,
        null,
        null,
        null,
        null,
        null
      ],
      "/Users/christopheryammine/Documents/Projects/Rails/crowdfunding/app/mailers/pledge_mailer.rb": [
        1,
        1,
        null,
        null,
        1,
        3,
        3,
        null,
        null,
        1,
        3,
        null,
        null,
        null
      ],
      "/Users/christopheryammine/Documents/Projects/Rails/crowdfunding/app/models/profile.rb": [
        1,
        null,
        1,
        null,
        1,
        1,
        null,
        1,
        1,
        null,
        null
      ]
    },
    "timestamp": 1404766878
  }
}
